# JRE version: OpenJDK Runtime Environment (8.0_112-b06) (build 1.8.0_112-release-b06)
# Java VM: OpenJDK 64-Bit Server VM (25.112-b06 mixed mode linux-amd64 compressed oops)
Heap:
 PSYoungGen      total 465920K, used 0K [0x00000000d5580000, 0x0000000100000000, 0x0000000100000000)
  eden space 232960K, 0% used [0x00000000d5580000,0x00000000d5580000,0x00000000e3900000)
  from space 232960K, 0% used [0x00000000e3900000,0x00000000e3900000,0x00000000f1c80000)
  to   space 232960K, 0% used [0x00000000f1c80000,0x00000000f1c80000,0x0000000100000000)
 ParOldGen       total 829952K, used 680965K [0x0000000080000000, 0x00000000b2a80000, 0x00000000d5580000)
  object space 829952K, 82% used [0x0000000080000000,0x00000000a9901600,0x00000000b2a80000)
 Metaspace       used 6431K, capacity 7280K, committed 7552K, reserved 1056768K
  class space    used 586K, capacity 616K, committed 640K, reserved 1048576K
GC Heap History (10 events):
Event: 24.251 GC heap after
Heap after GC invocations=25 (full 5):
 PSYoungGen      total 528384K, used 110744K [0x00000000d5580000, 0x0000000100000000, 0x0000000100000000)
  eden space 380416K, 0% used [0x00000000d5580000,0x00000000d5580000,0x00000000ec900000)
  from space 147968K, 74% used [0x00000000f6f80000,0x00000000fdba6330,0x0000000100000000)
  to   space 159232K, 0% used [0x00000000ec900000,0x00000000ec900000,0x00000000f6480000)
 ParOldGen       total 589824K, used 502872K [0x0000000080000000, 0x00000000a4000000, 0x00000000d5580000)
  object space 589824K, 85% used [0x0000000080000000,0x000000009eb16330,0x00000000a4000000)
 Metaspace       used 6431K, capacity 7280K, committed 7552K, reserved 1056768K
  class space    used 586K, capacity 616K, committed 640K, reserved 1048576K
}
Event: 25.441 GC heap before
{Heap before GC invocations=26 (full 5):
 PSYoungGen      total 528384K, used 491160K [0x00000000d5580000, 0x0000000100000000, 0x0000000100000000)
  eden space 380416K, 100% used [0x00000000d5580000,0x00000000ec900000,0x00000000ec900000)
  from space 147968K, 74% used [0x00000000f6f80000,0x00000000fdba6330,0x0000000100000000)
  to   space 159232K, 0% used [0x00000000ec900000,0x00000000ec900000,0x00000000f6480000)
 ParOldGen       total 589824K, used 502872K [0x0000000080000000, 0x00000000a4000000, 0x00000000d5580000)
  object space 589824K, 85% used [0x0000000080000000,0x000000009eb16330,0x00000000a4000000)
 Metaspace       used 6431K, capacity 7280K, committed 7552K, reserved 1056768K
  class space    used 586K, capacity 616K, committed 640K, reserved 1048576K
Event: 26.227 GC heap after
Heap after GC invocations=26 (full 5):
 PSYoungGen      total 539648K, used 159214K [0x00000000d5580000, 0x0000000100000000, 0x0000000100000000)
  eden space 380416K, 0% used [0x00000000d5580000,0x00000000d5580000,0x00000000ec900000)
  from space 159232K, 99% used [0x00000000ec900000,0x00000000f647b8e8,0x00000000f6480000)
  to   space 159232K, 0% used [0x00000000f6480000,0x00000000f6480000,0x0000000100000000)
 ParOldGen       total 589824K, used 587327K [0x0000000080000000, 0x00000000a4000000, 0x00000000d5580000)
  object space 589824K, 99% used [0x0000000080000000,0x00000000a3d8ff38,0x00000000a4000000)
 Metaspace       used 6431K, capacity 7280K, committed 7552K, reserved 1056768K
  class space    used 586K, capacity 616K, committed 640K, reserved 1048576K
}
Event: 26.331 GC heap before
{Heap before GC invocations=27 (full 6):
 PSYoungGen      total 539648K, used 159214K [0x00000000d5580000, 0x0000000100000000, 0x0000000100000000)
  eden space 380416K, 0% used [0x00000000d5580000,0x00000000d5580000,0x00000000ec900000)
  from space 159232K, 99% used [0x00000000ec900000,0x00000000f647b8e8,0x00000000f6480000)
  to   space 159232K, 0% used [0x00000000f6480000,0x00000000f6480000,0x0000000100000000)
 ParOldGen       total 589824K, used 587327K [0x0000000080000000, 0x00000000a4000000, 0x00000000d5580000)
  object space 589824K, 99% used [0x0000000080000000,0x00000000a3d8ff38,0x00000000a4000000)
 Metaspace       used 6431K, capacity 7280K, committed 7552K, reserved 1056768K
  class space    used 586K, capacity 616K, committed 640K, reserved 1048576K
Event: 30.873 GC heap after
Heap after GC invocations=27 (full 6):
 PSYoungGen      total 539648K, used 146346K [0x00000000d5580000, 0x0000000100000000, 0x0000000100000000)
  eden space 380416K, 0% used [0x00000000d5580000,0x00000000d5580000,0x00000000ec900000)
  from space 159232K, 91% used [0x00000000ec900000,0x00000000f57ea948,0x00000000f6480000)
  to   space 159232K, 0% used [0x00000000f6480000,0x00000000f6480000,0x0000000100000000)
 ParOldGen       total 829952K, used 589329K [0x0000000080000000, 0x00000000b2a80000, 0x00000000d5580000)
  object space 829952K, 71% used [0x0000000080000000,0x00000000a3f84478,0x00000000b2a80000)
 Metaspace       used 6431K, capacity 7280K, committed 7552K, reserved 1056768K
  class space    used 586K, capacity 616K, committed 640K, reserved 1048576K
}
Event: 32.124 GC heap before
{Heap before GC invocations=28 (full 6):
 PSYoungGen      total 539648K, used 526762K [0x00000000d5580000, 0x0000000100000000, 0x0000000100000000)
  eden space 380416K, 100% used [0x00000000d5580000,0x00000000ec900000,0x00000000ec900000)
  from space 159232K, 91% used [0x00000000ec900000,0x00000000f57ea948,0x00000000f6480000)
  to   space 159232K, 0% used [0x00000000f6480000,0x00000000f6480000,0x0000000100000000)
 ParOldGen       total 829952K, used 589329K [0x0000000080000000, 0x00000000b2a80000, 0x00000000d5580000)
  object space 829952K, 71% used [0x0000000080000000,0x00000000a3f84478,0x00000000b2a80000)
 Metaspace       used 6431K, capacity 7280K, committed 7552K, reserved 1056768K
  class space    used 586K, capacity 616K, committed 640K, reserved 1048576K
Event: 35.200 GC heap after
Heap after GC invocations=28 (full 6):
 PSYoungGen      total 392192K, used 159208K [0x00000000d5580000, 0x0000000100000000, 0x0000000100000000)
  eden space 232960K, 0% used [0x00000000d5580000,0x00000000d5580000,0x00000000e3900000)
  from space 159232K, 99% used [0x00000000f6480000,0x00000000ffffa350,0x0000000100000000)
  to   space 232960K, 0% used [0x00000000e3900000,0x00000000e3900000,0x00000000f1c80000)
 ParOldGen       total 829952K, used 679491K [0x0000000080000000, 0x00000000b2a80000, 0x00000000d5580000)
  object space 829952K, 81% used [0x0000000080000000,0x00000000a9790de8,0x00000000b2a80000)
 Metaspace       used 6431K, capacity 7280K, committed 7552K, reserved 1056768K
  class space    used 586K, capacity 616K, committed 640K, reserved 1048576K
}
Event: 35.575 GC heap before
{Heap before GC invocations=29 (full 6):
 PSYoungGen      total 392192K, used 392168K [0x00000000d5580000, 0x0000000100000000, 0x0000000100000000)
  eden space 232960K, 100% used [0x00000000d5580000,0x00000000e3900000,0x00000000e3900000)
  from space 159232K, 99% used [0x00000000f6480000,0x00000000ffffa350,0x0000000100000000)
  to   space 232960K, 0% used [0x00000000e3900000,0x00000000e3900000,0x00000000f1c80000)
 ParOldGen       total 829952K, used 679491K [0x0000000080000000, 0x00000000b2a80000, 0x00000000d5580000)
  object space 829952K, 81% used [0x0000000080000000,0x00000000a9790de8,0x00000000b2a80000)
 Metaspace       used 6431K, capacity 7280K, committed 7552K, reserved 1056768K
  class space    used 586K, capacity 616K, committed 640K, reserved 1048576K
Event: 37.512 GC heap after
Heap after GC invocations=29 (full 6):
 PSYoungGen      total 465920K, used 42290K [0x00000000d5580000, 0x0000000100000000, 0x0000000100000000)
  eden space 232960K, 0% used [0x00000000d5580000,0x00000000d5580000,0x00000000e3900000)
  from space 232960K, 18% used [0x00000000e3900000,0x00000000e624c828,0x00000000f1c80000)
  to   space 232960K, 0% used [0x00000000f1c80000,0x00000000f1c80000,0x0000000100000000)
 ParOldGen       total 829952K, used 753528K [0x0000000080000000, 0x00000000b2a80000, 0x00000000d5580000)
  object space 829952K, 90% used [0x0000000080000000,0x00000000adfde360,0x00000000b2a80000)
 Metaspace       used 6431K, capacity 7280K, committed 7552K, reserved 1056768K
  class space    used 586K, capacity 616K, committed 640K, reserved 1048576K
}
Event: 37.513 GC heap before
{Heap before GC invocations=30 (full 7):
 PSYoungGen      total 465920K, used 42290K [0x00000000d5580000, 0x0000000100000000, 0x0000000100000000)
  eden space 232960K, 0% used [0x00000000d5580000,0x00000000d5580000,0x00000000e3900000)
  from space 232960K, 18% used [0x00000000e3900000,0x00000000e624c828,0x00000000f1c80000)
  to   space 232960K, 0% used [0x00000000f1c80000,0x00000000f1c80000,0x0000000100000000)
 ParOldGen       total 829952K, used 753528K [0x0000000080000000, 0x00000000b2a80000, 0x00000000d5580000)
  object space 829952K, 90% used [0x0000000080000000,0x00000000adfde360,0x00000000b2a80000)
 Metaspace       used 6431K, capacity 7280K, committed 7552K, reserved 1056768K
  class space    used 586K, capacity 616K, committed 640K, reserved 1048576K

