# JRE version: OpenJDK Runtime Environment (8.0_112-b06) (build 1.8.0_112-release-b06)
# Java VM: OpenJDK 64-Bit Server VM (25.112-b06 mixed mode linux-amd64 compressed oops)
Heap:
 PSYoungGen      total 539648K, used 57598K [0x00000000d5580000, 0x0000000100000000, 0x0000000100000000)
  eden space 409088K, 0% used [0x00000000d5580000,0x00000000d5580000,0x00000000ee500000)
  from space 130560K, 44% used [0x00000000ee500000,0x00000000f1d3fa48,0x00000000f6480000)
  to   space 128000K, 0% used [0x00000000f8300000,0x00000000f8300000,0x0000000100000000)
 ParOldGen       total 523776K, used 523665K [0x0000000080000000, 0x000000009ff80000, 0x00000000d5580000)
  object space 523776K, 99% used [0x0000000080000000,0x000000009ff64470,0x000000009ff80000)
 Metaspace       used 6406K, capacity 7280K, committed 7552K, reserved 1056768K
  class space    used 584K, capacity 616K, committed 640K, reserved 1048576K
GC Heap History (10 events):
Event: 28.945 GC heap after
Heap after GC invocations=21 (full 5):
 PSYoungGen      total 399872K, used 7885K [0x00000000d5580000, 0x00000000f8b00000, 0x0000000100000000)
  eden space 312832K, 0% used [0x00000000d5580000,0x00000000d5580000,0x00000000e8700000)
  from space 87040K, 9% used [0x00000000e8700000,0x00000000e8eb35d8,0x00000000edc00000)
  to   space 88576K, 0% used [0x00000000f3480000,0x00000000f3480000,0x00000000f8b00000)
 ParOldGen       total 506880K, used 351459K [0x0000000080000000, 0x000000009ef00000, 0x00000000d5580000)
  object space 506880K, 69% used [0x0000000080000000,0x0000000095738dc0,0x000000009ef00000)
 Metaspace       used 6391K, capacity 7280K, committed 7552K, reserved 1056768K
  class space    used 582K, capacity 616K, committed 640K, reserved 1048576K
}
Event: 29.868 GC heap before
{Heap before GC invocations=22 (full 5):
 PSYoungGen      total 399872K, used 320717K [0x00000000d5580000, 0x00000000f8b00000, 0x0000000100000000)
  eden space 312832K, 100% used [0x00000000d5580000,0x00000000e8700000,0x00000000e8700000)
  from space 87040K, 9% used [0x00000000e8700000,0x00000000e8eb35d8,0x00000000edc00000)
  to   space 88576K, 0% used [0x00000000f3480000,0x00000000f3480000,0x00000000f8b00000)
 ParOldGen       total 506880K, used 351459K [0x0000000080000000, 0x000000009ef00000, 0x00000000d5580000)
  object space 506880K, 69% used [0x0000000080000000,0x0000000095738dc0,0x000000009ef00000)
 Metaspace       used 6391K, capacity 7280K, committed 7552K, reserved 1056768K
  class space    used 582K, capacity 616K, committed 640K, reserved 1048576K
Event: 30.229 GC heap after
Heap after GC invocations=22 (full 5):
 PSYoungGen      total 427008K, used 56632K [0x00000000d5580000, 0x00000000f6f00000, 0x0000000100000000)
  eden space 367104K, 0% used [0x00000000d5580000,0x00000000d5580000,0x00000000ebc00000)
  from space 59904K, 94% used [0x00000000f3480000,0x00000000f6bce2e8,0x00000000f6f00000)
  to   space 91648K, 0% used [0x00000000ebc00000,0x00000000ebc00000,0x00000000f1580000)
 ParOldGen       total 506880K, used 351467K [0x0000000080000000, 0x000000009ef00000, 0x00000000d5580000)
  object space 506880K, 69% used [0x0000000080000000,0x000000009573adc0,0x000000009ef00000)
 Metaspace       used 6391K, capacity 7280K, committed 7552K, reserved 1056768K
  class space    used 582K, capacity 616K, committed 640K, reserved 1048576K
}
Event: 31.800 GC heap before
{Heap before GC invocations=23 (full 5):
 PSYoungGen      total 427008K, used 423736K [0x00000000d5580000, 0x00000000f6f00000, 0x0000000100000000)
  eden space 367104K, 100% used [0x00000000d5580000,0x00000000ebc00000,0x00000000ebc00000)
  from space 59904K, 94% used [0x00000000f3480000,0x00000000f6bce2e8,0x00000000f6f00000)
  to   space 91648K, 0% used [0x00000000ebc00000,0x00000000ebc00000,0x00000000f1580000)
 ParOldGen       total 506880K, used 351467K [0x0000000080000000, 0x000000009ef00000, 0x00000000d5580000)
  object space 506880K, 69% used [0x0000000080000000,0x000000009573adc0,0x000000009ef00000)
 Metaspace       used 6394K, capacity 7280K, committed 7552K, reserved 1056768K
  class space    used 583K, capacity 616K, committed 640K, reserved 1048576K
Event: 31.953 GC heap after
Heap after GC invocations=23 (full 5):
 PSYoungGen      total 458752K, used 91634K [0x00000000d5580000, 0x00000000fd480000, 0x0000000100000000)
  eden space 367104K, 0% used [0x00000000d5580000,0x00000000d5580000,0x00000000ebc00000)
  from space 91648K, 99% used [0x00000000ebc00000,0x00000000f157cbf0,0x00000000f1580000)
  to   space 114688K, 0% used [0x00000000f6480000,0x00000000f6480000,0x00000000fd480000)
 ParOldGen       total 506880K, used 372145K [0x0000000080000000, 0x000000009ef00000, 0x00000000d5580000)
  object space 506880K, 73% used [0x0000000080000000,0x0000000096b6c4d8,0x000000009ef00000)
 Metaspace       used 6394K, capacity 7280K, committed 7552K, reserved 1056768K
  class space    used 583K, capacity 616K, committed 640K, reserved 1048576K
}
Event: 33.195 GC heap before
{Heap before GC invocations=24 (full 5):
 PSYoungGen      total 458752K, used 458738K [0x00000000d5580000, 0x00000000fd480000, 0x0000000100000000)
  eden space 367104K, 100% used [0x00000000d5580000,0x00000000ebc00000,0x00000000ebc00000)
  from space 91648K, 99% used [0x00000000ebc00000,0x00000000f157cbf0,0x00000000f1580000)
  to   space 114688K, 0% used [0x00000000f6480000,0x00000000f6480000,0x00000000fd480000)
 ParOldGen       total 506880K, used 372145K [0x0000000080000000, 0x000000009ef00000, 0x00000000d5580000)
  object space 506880K, 73% used [0x0000000080000000,0x0000000096b6c4d8,0x000000009ef00000)
 Metaspace       used 6396K, capacity 7280K, committed 7552K, reserved 1056768K
  class space    used 583K, capacity 616K, committed 640K, reserved 1048576K
Event: 36.808 GC heap after
Heap after GC invocations=24 (full 5):
 PSYoungGen      total 523776K, used 105799K [0x00000000d5580000, 0x0000000100000000, 0x0000000100000000)
  eden space 409088K, 0% used [0x00000000d5580000,0x00000000d5580000,0x00000000ee500000)
  from space 114688K, 92% used [0x00000000f6480000,0x00000000fcbd1d30,0x00000000fd480000)
  to   space 130560K, 0% used [0x00000000ee500000,0x00000000ee500000,0x00000000f6480000)
 ParOldGen       total 506880K, used 418460K [0x0000000080000000, 0x000000009ef00000, 0x00000000d5580000)
  object space 506880K, 82% used [0x0000000080000000,0x00000000998a7398,0x000000009ef00000)
 Metaspace       used 6396K, capacity 7280K, committed 7552K, reserved 1056768K
  class space    used 583K, capacity 616K, committed 640K, reserved 1048576K
}
Event: 38.635 GC heap before
{Heap before GC invocations=25 (full 5):
 PSYoungGen      total 523776K, used 514887K [0x00000000d5580000, 0x0000000100000000, 0x0000000100000000)
  eden space 409088K, 100% used [0x00000000d5580000,0x00000000ee500000,0x00000000ee500000)
  from space 114688K, 92% used [0x00000000f6480000,0x00000000fcbd1d30,0x00000000fd480000)
  to   space 130560K, 0% used [0x00000000ee500000,0x00000000ee500000,0x00000000f6480000)
 ParOldGen       total 506880K, used 418460K [0x0000000080000000, 0x000000009ef00000, 0x00000000d5580000)
  object space 506880K, 82% used [0x0000000080000000,0x00000000998a7398,0x000000009ef00000)
 Metaspace       used 6406K, capacity 7280K, committed 7552K, reserved 1056768K
  class space    used 584K, capacity 616K, committed 640K, reserved 1048576K
Event: 40.592 GC heap after
Heap after GC invocations=25 (full 5):
 PSYoungGen      total 539648K, used 64077K [0x00000000d5580000, 0x0000000100000000, 0x0000000100000000)
  eden space 409088K, 0% used [0x00000000d5580000,0x00000000d5580000,0x00000000ee500000)
  from space 130560K, 49% used [0x00000000ee500000,0x00000000f23935c8,0x00000000f6480000)
  to   space 128000K, 0% used [0x00000000f8300000,0x00000000f8300000,0x0000000100000000)
 ParOldGen       total 523776K, used 522508K [0x0000000080000000, 0x000000009ff80000, 0x00000000d5580000)
  object space 523776K, 99% used [0x0000000080000000,0x000000009fe43038,0x000000009ff80000)
 Metaspace       used 6406K, capacity 7280K, committed 7552K, reserved 1056768K
  class space    used 584K, capacity 616K, committed 640K, reserved 1048576K
}
Event: 40.599 GC heap before
{Heap before GC invocations=26 (full 6):
 PSYoungGen      total 539648K, used 64077K [0x00000000d5580000, 0x0000000100000000, 0x0000000100000000)
  eden space 409088K, 0% used [0x00000000d5580000,0x00000000d5580000,0x00000000ee500000)
  from space 130560K, 49% used [0x00000000ee500000,0x00000000f23935c8,0x00000000f6480000)
  to   space 128000K, 0% used [0x00000000f8300000,0x00000000f8300000,0x0000000100000000)
 ParOldGen       total 523776K, used 522508K [0x0000000080000000, 0x000000009ff80000, 0x00000000d5580000)
  object space 523776K, 99% used [0x0000000080000000,0x000000009fe43038,0x000000009ff80000)
 Metaspace       used 6406K, capacity 7280K, committed 7552K, reserved 1056768K
  class space    used 584K, capacity 616K, committed 640K, reserved 1048576K

