# JRE version: OpenJDK Runtime Environment (8.0_112-b06) (build 1.8.0_112-release-b06)
# Java VM: OpenJDK 64-Bit Server VM (25.112-b06 mixed mode linux-amd64 compressed oops)
Heap:
 PSYoungGen      total 582656K, used 0K [0x00000000d5580000, 0x0000000100000000, 0x0000000100000000)
  eden space 466432K, 0% used [0x00000000d5580000,0x00000000d5580000,0x00000000f1d00000)
  from space 116224K, 0% used [0x00000000f1d00000,0x00000000f1d00000,0x00000000f8e80000)
  to   space 116224K, 13% used [0x00000000f8e80000,0x00000000f9e05048,0x0000000100000000)
 ParOldGen       total 645120K, used 644710K [0x0000000080000000, 0x00000000a7600000, 0x00000000d5580000)
  object space 645120K, 99% used [0x0000000080000000,0x00000000a7599ae0,0x00000000a7600000)
 Metaspace       used 6380K, capacity 7280K, committed 7552K, reserved 1056768K
  class space    used 584K, capacity 616K, committed 640K, reserved 1048576K
GC Heap History (10 events):
Event: 19.605 GC heap after
Heap after GC invocations=19 (full 4):
 PSYoungGen      total 525824K, used 50478K [0x00000000d5580000, 0x0000000100000000, 0x0000000100000000)
  eden space 439808K, 0% used [0x00000000d5580000,0x00000000d5580000,0x00000000f0300000)
  from space 86016K, 58% used [0x00000000f0300000,0x00000000f344b9f8,0x00000000f5700000)
  to   space 113664K, 0% used [0x00000000f9100000,0x00000000f9100000,0x0000000100000000)
 ParOldGen       total 438272K, used 300580K [0x0000000080000000, 0x000000009ac00000, 0x00000000d5580000)
  object space 438272K, 68% used [0x0000000080000000,0x00000000925891a0,0x000000009ac00000)
 Metaspace       used 6364K, capacity 7280K, committed 7552K, reserved 1056768K
  class space    used 582K, capacity 616K, committed 640K, reserved 1048576K
}
Event: 21.722 GC heap before
{Heap before GC invocations=20 (full 4):
 PSYoungGen      total 525824K, used 490286K [0x00000000d5580000, 0x0000000100000000, 0x0000000100000000)
  eden space 439808K, 100% used [0x00000000d5580000,0x00000000f0300000,0x00000000f0300000)
  from space 86016K, 58% used [0x00000000f0300000,0x00000000f344b9f8,0x00000000f5700000)
  to   space 113664K, 0% used [0x00000000f9100000,0x00000000f9100000,0x0000000100000000)
 ParOldGen       total 438272K, used 300580K [0x0000000080000000, 0x000000009ac00000, 0x00000000d5580000)
  object space 438272K, 68% used [0x0000000080000000,0x00000000925891a0,0x000000009ac00000)
 Metaspace       used 6364K, capacity 7280K, committed 7552K, reserved 1056768K
  class space    used 582K, capacity 616K, committed 640K, reserved 1048576K
Event: 21.942 GC heap after
Heap after GC invocations=20 (full 4):
 PSYoungGen      total 580096K, used 67461K [0x00000000d5580000, 0x0000000100000000, 0x0000000100000000)
  eden space 466432K, 0% used [0x00000000d5580000,0x00000000d5580000,0x00000000f1d00000)
  from space 113664K, 59% used [0x00000000f9100000,0x00000000fd2e1540,0x0000000100000000)
  to   space 116224K, 0% used [0x00000000f1d00000,0x00000000f1d00000,0x00000000f8e80000)
 ParOldGen       total 438272K, used 351527K [0x0000000080000000, 0x000000009ac00000, 0x00000000d5580000)
  object space 438272K, 80% used [0x0000000080000000,0x0000000095749e78,0x000000009ac00000)
 Metaspace       used 6364K, capacity 7280K, committed 7552K, reserved 1056768K
  class space    used 582K, capacity 616K, committed 640K, reserved 1048576K
}
Event: 24.053 GC heap before
{Heap before GC invocations=21 (full 4):
 PSYoungGen      total 580096K, used 533893K [0x00000000d5580000, 0x0000000100000000, 0x0000000100000000)
  eden space 466432K, 100% used [0x00000000d5580000,0x00000000f1d00000,0x00000000f1d00000)
  from space 113664K, 59% used [0x00000000f9100000,0x00000000fd2e1540,0x0000000100000000)
  to   space 116224K, 0% used [0x00000000f1d00000,0x00000000f1d00000,0x00000000f8e80000)
 ParOldGen       total 438272K, used 351527K [0x0000000080000000, 0x000000009ac00000, 0x00000000d5580000)
  object space 438272K, 80% used [0x0000000080000000,0x0000000095749e78,0x000000009ac00000)
 Metaspace       used 6369K, capacity 7280K, committed 7552K, reserved 1056768K
  class space    used 583K, capacity 616K, committed 640K, reserved 1048576K
Event: 24.248 GC heap after
Heap after GC invocations=21 (full 4):
 PSYoungGen      total 582656K, used 116205K [0x00000000d5580000, 0x0000000100000000, 0x0000000100000000)
  eden space 466432K, 0% used [0x00000000d5580000,0x00000000d5580000,0x00000000f1d00000)
  from space 116224K, 99% used [0x00000000f1d00000,0x00000000f8e7b508,0x00000000f8e80000)
  to   space 116224K, 0% used [0x00000000f8e80000,0x00000000f8e80000,0x0000000100000000)
 ParOldGen       total 438272K, used 370121K [0x0000000080000000, 0x000000009ac00000, 0x00000000d5580000)
  object space 438272K, 84% used [0x0000000080000000,0x00000000969725e0,0x000000009ac00000)
 Metaspace       used 6369K, capacity 7280K, committed 7552K, reserved 1056768K
  class space    used 583K, capacity 616K, committed 640K, reserved 1048576K
}
Event: 26.269 GC heap before
{Heap before GC invocations=22 (full 4):
 PSYoungGen      total 582656K, used 582637K [0x00000000d5580000, 0x0000000100000000, 0x0000000100000000)
  eden space 466432K, 100% used [0x00000000d5580000,0x00000000f1d00000,0x00000000f1d00000)
  from space 116224K, 99% used [0x00000000f1d00000,0x00000000f8e7b508,0x00000000f8e80000)
  to   space 116224K, 0% used [0x00000000f8e80000,0x00000000f8e80000,0x0000000100000000)
 ParOldGen       total 438272K, used 370121K [0x0000000080000000, 0x000000009ac00000, 0x00000000d5580000)
  object space 438272K, 84% used [0x0000000080000000,0x00000000969725e0,0x000000009ac00000)
 Metaspace       used 6380K, capacity 7280K, committed 7552K, reserved 1056768K
  class space    used 584K, capacity 616K, committed 640K, reserved 1048576K
Event: 29.497 GC heap after
Heap after GC invocations=22 (full 4):
 PSYoungGen      total 582656K, used 582637K [0x00000000d5580000, 0x0000000100000000, 0x0000000100000000)
  eden space 466432K, 100% used [0x00000000d5580000,0x00000000f1d00000,0x00000000f1d00000)
  from space 116224K, 99% used [0x00000000f1d00000,0x00000000f8e7b508,0x00000000f8e80000)
  to   space 116224K, 61% used [0x00000000f8e80000,0x00000000fd496d18,0x0000000100000000)
 ParOldGen       total 486400K, used 485480K [0x0000000080000000, 0x000000009db00000, 0x00000000d5580000)
  object space 486400K, 99% used [0x0000000080000000,0x000000009da1a228,0x000000009db00000)
 Metaspace       used 6380K, capacity 7280K, committed 7552K, reserved 1056768K
  class space    used 584K, capacity 616K, committed 640K, reserved 1048576K
}
Event: 29.574 GC heap before
{Heap before GC invocations=23 (full 5):
 PSYoungGen      total 582656K, used 582637K [0x00000000d5580000, 0x0000000100000000, 0x0000000100000000)
  eden space 466432K, 100% used [0x00000000d5580000,0x00000000f1d00000,0x00000000f1d00000)
  from space 116224K, 99% used [0x00000000f1d00000,0x00000000f8e7b508,0x00000000f8e80000)
  to   space 116224K, 61% used [0x00000000f8e80000,0x00000000fd496d18,0x0000000100000000)
 ParOldGen       total 486400K, used 485480K [0x0000000080000000, 0x000000009db00000, 0x00000000d5580000)
  object space 486400K, 99% used [0x0000000080000000,0x000000009da1a228,0x000000009db00000)
 Metaspace       used 6380K, capacity 7280K, committed 7552K, reserved 1056768K
  class space    used 584K, capacity 616K, committed 640K, reserved 1048576K
Event: 32.598 GC heap after
Heap after GC invocations=23 (full 5):
 PSYoungGen      total 582656K, used 0K [0x00000000d5580000, 0x0000000100000000, 0x0000000100000000)
  eden space 466432K, 0% used [0x00000000d5580000,0x00000000d5580000,0x00000000f1d00000)
  from space 116224K, 0% used [0x00000000f1d00000,0x00000000f1d00000,0x00000000f8e80000)
  to   space 116224K, 57% used [0x00000000f8e80000,0x00000000fcfb8550,0x0000000100000000)
 ParOldGen       total 645120K, used 486386K [0x0000000080000000, 0x00000000a7600000, 0x00000000d5580000)
  object space 645120K, 75% used [0x0000000080000000,0x000000009dafcbe0,0x00000000a7600000)
 Metaspace       used 6380K, capacity 7280K, committed 7552K, reserved 1056768K
  class space    used 584K, capacity 616K, committed 640K, reserved 1048576K
}
Event: 35.412 GC heap before
{Heap before GC invocations=24 (full 6):
 PSYoungGen      total 582656K, used 466432K [0x00000000d5580000, 0x0000000100000000, 0x0000000100000000)
  eden space 466432K, 100% used [0x00000000d5580000,0x00000000f1d00000,0x00000000f1d00000)
  from space 116224K, 0% used [0x00000000f1d00000,0x00000000f1d00000,0x00000000f8e80000)
  to   space 116224K, 57% used [0x00000000f8e80000,0x00000000fcfb8550,0x0000000100000000)
 ParOldGen       total 645120K, used 486386K [0x0000000080000000, 0x00000000a7600000, 0x00000000d5580000)
  object space 645120K, 75% used [0x0000000080000000,0x000000009dafcbe0,0x00000000a7600000)
 Metaspace       used 6380K, capacity 7280K, committed 7552K, reserved 1056768K
  class space    used 584K, capacity 616K, committed 640K, reserved 1048576K

